<?xml version="1.0" encoding="UTF-8"?>
<!-- Generated by org.testng.reporters.JUnitReportReporter -->
<testsuite skipped="0" hostname="Sampada-PC" name="com.facebook.TestCases.LoginPageTest" tests="2" failures="0" timestamp="29 May 2019 04:15:52 GMT" time="16.602" errors="0">
  <testcase name="verifyTitleTest" time="2.115" classname="com.facebook.TestCases.LoginPageTest"/>
  <testcase name="verifyLoginTest" time="14.487" classname="com.facebook.TestCases.LoginPageTest"/>
</testsuite> <!-- com.facebook.TestCases.LoginPageTest -->
