<?xml version="1.0" encoding="UTF-8"?>
<!-- Generated by org.testng.reporters.JUnitReportReporter -->
<testsuite skipped="0" hostname="Sampada-PC" name="com.facebook.TestCases.LoginPageTest" tests="2" failures="0" timestamp="31 May 2019 11:03:48 GMT" time="43.960" errors="0">
  <testcase name="verifyTitleTest" time="14.228" classname="com.facebook.TestCases.LoginPageTest"/>
  <testcase name="verifyLoginTest" time="29.732" classname="com.facebook.TestCases.LoginPageTest"/>
</testsuite> <!-- com.facebook.TestCases.LoginPageTest -->
